Samples/XrSamples/XrSoftOcclusion/Projects/Android/build/intermediates/manifest_merge_blame_file/debug/processDebugMainManifest/manifest-merger-blame-debug-report.txt
1<?xml version="1.0" encoding="utf-8"?>
2<manifest xmlns:android="http://schemas.android.com/apk/res/android"
3    package="com.oculus.xrpassthroughocclusion"
4    android:installLocation="auto"
5    android:versionCode="1"
6    android:versionName="1.0" >
7
8    <uses-sdk
9        android:minSdkVersion="26"
10        android:targetSdkVersion="32" />
11    <!-- Tell the system this app requires OpenGL ES 3.1. -->
12    <uses-feature
12-->Projects\Android\AndroidManifest.xml:10:3-13:9
13        android:glEsVersion="0x00030001"
13-->Projects\Android\AndroidManifest.xml:11:7-39
14        android:required="true" />
14-->Projects\Android\AndroidManifest.xml:12:7-30
15    <uses-feature
15-->Projects\Android\AndroidManifest.xml:14:3-17:9
16        android:name="android.hardware.vr.headtracking"
16-->Projects\Android\AndroidManifest.xml:15:7-54
17        android:required="false" />
17-->Projects\Android\AndroidManifest.xml:16:7-31
18    <uses-feature
18-->Projects\Android\AndroidManifest.xml:18:3-21:9
19        android:name="com.oculus.feature.PASSTHROUGH"
19-->Projects\Android\AndroidManifest.xml:19:7-52
20        android:required="true" />
20-->Projects\Android\AndroidManifest.xml:20:7-30
21
22    <uses-permission android:name="com.oculus.permission.USE_SCENE" />
22-->Projects\Android\AndroidManifest.xml:22:3-69
22-->Projects\Android\AndroidManifest.xml:22:20-66
23    <!-- Request hand and keyboard tracking for keyboard hand presence testing -->
24    <uses-feature
24-->Projects\Android\AndroidManifest.xml:24:3-27:9
25        android:name="oculus.software.handtracking"
25-->Projects\Android\AndroidManifest.xml:25:7-50
26        android:required="false" />
26-->Projects\Android\AndroidManifest.xml:26:7-31
27
28    <uses-permission android:name="com.oculus.permission.HAND_TRACKING" />
28-->Projects\Android\AndroidManifest.xml:28:3-73
28-->Projects\Android\AndroidManifest.xml:28:20-70
29    <uses-permission android:name="org.khronos.openxr.permission.OPENXR" />
29-->[org.khronos.openxr:openxr_loader_for_android:1.1.46] AndroidManifest.xml:13:3-74
29-->[org.khronos.openxr:openxr_loader_for_android:1.1.46] AndroidManifest.xml:13:20-71
30    <uses-permission android:name="org.khronos.openxr.permission.OPENXR_SYSTEM" />
30-->[org.khronos.openxr:openxr_loader_for_android:1.1.46] AndroidManifest.xml:14:3-81
30-->[org.khronos.openxr:openxr_loader_for_android:1.1.46] AndroidManifest.xml:14:20-78
31
32    <queries>
32-->[org.khronos.openxr:openxr_loader_for_android:1.1.46] AndroidManifest.xml:16:3-27:13
33
34        <!-- to talk to the broker -->
35        <provider android:authorities="org.khronos.openxr.runtime_broker;org.khronos.openxr.system_runtime_broker" />
35-->[org.khronos.openxr:openxr_loader_for_android:1.1.46] AndroidManifest.xml:18:5-114
35-->[org.khronos.openxr:openxr_loader_for_android:1.1.46] AndroidManifest.xml:18:15-111
36
37        <!-- so client-side code of runtime/layers can talk to their service sides -->
38        <intent>
38-->[org.khronos.openxr:openxr_loader_for_android:1.1.46] AndroidManifest.xml:21:5-23:14
39            <action android:name="org.khronos.openxr.OpenXRRuntimeService" />
39-->[org.khronos.openxr:openxr_loader_for_android:1.1.46] AndroidManifest.xml:22:7-72
39-->[org.khronos.openxr:openxr_loader_for_android:1.1.46] AndroidManifest.xml:22:15-69
40        </intent>
41        <intent>
41-->[org.khronos.openxr:openxr_loader_for_android:1.1.46] AndroidManifest.xml:24:5-26:14
42            <action android:name="org.khronos.openxr.OpenXRApiLayerService" />
42-->[org.khronos.openxr:openxr_loader_for_android:1.1.46] AndroidManifest.xml:25:7-73
42-->[org.khronos.openxr:openxr_loader_for_android:1.1.46] AndroidManifest.xml:25:15-70
43        </intent>
44    </queries>
45
46    <application
46-->Projects\Android\AndroidManifest.xml:29:3-78:17
47        android:allowBackup="false"
47-->Projects\Android\AndroidManifest.xml:30:7-34
48        android:debuggable="true"
49        android:extractNativeLibs="false"
50        android:label="xrpassthroughocclusion" >
50-->Projects\Android\AndroidManifest.xml:31:7-45
51        <meta-data
51-->Projects\Android\AndroidManifest.xml:33:5-36:11
52            android:name="com.oculus.supportedDevices"
52-->Projects\Android\AndroidManifest.xml:34:9-51
53            android:value="all" />
53-->Projects\Android\AndroidManifest.xml:35:9-28
54        <!--
55         The activity delays MainNativeActivity startup until necessary permissions are
56        acquired
57        -->
58        <activity
58-->Projects\Android\AndroidManifest.xml:39:5-54:16
59            android:name="com.oculus.xrpassthroughocclusion.MainActivity"
59-->Projects\Android\AndroidManifest.xml:40:9-70
60            android:configChanges="screenSize|screenLayout|orientation|keyboardHidden|keyboard|navigation|uiMode"
60-->Projects\Android\AndroidManifest.xml:45:9-110
61            android:excludeFromRecents="false"
61-->Projects\Android\AndroidManifest.xml:44:9-43
62            android:exported="true"
62-->Projects\Android\AndroidManifest.xml:46:9-32
63            android:launchMode="singleTask"
63-->Projects\Android\AndroidManifest.xml:42:9-40
64            android:screenOrientation="landscape"
64-->Projects\Android\AndroidManifest.xml:43:9-46
65            android:theme="@android:style/Theme.Black.NoTitleBar.Fullscreen" >
65-->Projects\Android\AndroidManifest.xml:41:9-73
66
67            <!-- This filter lets the apk show up as a launchable icon. -->
68            <intent-filter>
68-->Projects\Android\AndroidManifest.xml:49:7-53:23
69                <action android:name="android.intent.action.MAIN" />
69-->Projects\Android\AndroidManifest.xml:50:9-61
69-->Projects\Android\AndroidManifest.xml:50:17-58
70
71                <category android:name="com.oculus.intent.category.VR" />
71-->Projects\Android\AndroidManifest.xml:51:9-66
71-->Projects\Android\AndroidManifest.xml:51:19-63
72                <category android:name="android.intent.category.LAUNCHER" />
72-->Projects\Android\AndroidManifest.xml:52:9-69
72-->Projects\Android\AndroidManifest.xml:52:19-66
73            </intent-filter>
74        </activity>
75        <!--
76         launchMode is set to singleTask because there should never be multiple copies of the
77            app running
78        -->
79        <!--
80         Theme.Black.NoTitleBar.Fullscreen gives solid black instead of a (bad stereoscopic)
81            gradient on app transition
82        -->
83        <activity
83-->Projects\Android\AndroidManifest.xml:59:5-77:16
84            android:name="com.oculus.xrpassthroughocclusion.MainNativeActivity"
84-->Projects\Android\AndroidManifest.xml:60:9-76
85            android:configChanges="screenSize|screenLayout|orientation|keyboardHidden|keyboard|navigation|uiMode"
85-->Projects\Android\AndroidManifest.xml:65:9-110
86            android:excludeFromRecents="false"
86-->Projects\Android\AndroidManifest.xml:64:9-43
87            android:exported="true"
87-->Projects\Android\AndroidManifest.xml:66:9-32
88            android:launchMode="singleTask"
88-->Projects\Android\AndroidManifest.xml:62:9-40
89            android:screenOrientation="landscape"
89-->Projects\Android\AndroidManifest.xml:63:9-46
90            android:theme="@android:style/Theme.Black.NoTitleBar.Fullscreen" >
90-->Projects\Android\AndroidManifest.xml:61:9-73
91
92            <!-- Tell NativeActivity the name of the .so -->
93            <intent-filter>
93-->Projects\Android\AndroidManifest.xml:69:7-72:23
94                <action android:name="android.intent.action.MAIN" />
94-->Projects\Android\AndroidManifest.xml:50:9-61
94-->Projects\Android\AndroidManifest.xml:50:17-58
95
96                <category android:name="com.oculus.intent.category.VR" />
96-->Projects\Android\AndroidManifest.xml:51:9-66
96-->Projects\Android\AndroidManifest.xml:51:19-63
97            </intent-filter>
98
99            <meta-data
99-->Projects\Android\AndroidManifest.xml:73:7-76:13
100                android:name="android.app.lib_name"
100-->Projects\Android\AndroidManifest.xml:74:11-46
101                android:value="xrpassthroughocclusion" />
101-->Projects\Android\AndroidManifest.xml:75:11-49
102        </activity>
103    </application>
104
105</manifest>